0 0 0 0 0 35 25 5 10 15 0 0 0 0 0 70 50 10 20 30 
0 0 0 0 0 40 30 20 25 30 0 0 0 0 0 80 60 40 50 60 
0 0 0 0 0 5 10 15 20 25 0 0 0 0 0 10 20 30 40 50 
0 0 0 0 0 30 35 40 45 5 0 0 0 0 0 60 70 80 90 10 
0 0 0 0 0 10 15 20 25 30 0 0 0 0 0 20 30 40 50 60 
42 30 6 12 18 49 35 7 14 21 84 60 12 24 36 98 70 14 28 42 
48 36 24 30 36 56 42 28 35 42 96 72 48 60 72 112 84 56 70 84 
6 12 18 24 30 7 14 21 28 35 12 24 36 48 60 14 28 42 56 70 
36 42 48 54 6 42 49 56 63 7 72 84 96 108 12 84 98 112 126 14 
12 18 24 30 36 14 21 28 35 42 24 36 48 60 72 28 42 56 70 84 
0 0 0 0 0 105 75 15 30 45 0 0 0 0 0 140 100 20 40 60 
0 0 0 0 0 120 90 60 75 90 0 0 0 0 0 160 120 80 100 120 
0 0 0 0 0 15 30 45 60 75 0 0 0 0 0 20 40 60 80 100 
0 0 0 0 0 90 105 120 135 15 0 0 0 0 0 120 140 160 180 20 
0 0 0 0 0 30 45 60 75 90 0 0 0 0 0 40 60 80 100 120 
126 90 18 36 54 147 105 21 42 63 168 120 24 48 72 196 140 28 56 84 
144 108 72 90 108 168 126 84 105 126 192 144 96 120 144 224 168 112 140 168 
18 36 54 72 90 21 42 63 84 105 24 48 72 96 120 28 56 84 112 140 
108 126 144 162 18 126 147 168 189 21 144 168 192 216 24 168 196 224 252 28 
36 54 72 90 108 42 63 84 105 126 48 72 96 120 144 56 84 112 140 168 
